<?xml version="1.0" encoding="UTF-8"?>
<!-- Generated by org.testng.reporters.JUnitReportReporter -->
<testsuite hostname="HEAVEN" failures="0" tests="1" name="pratcticalexam.slip2.ScreenShot" time="6.770" errors="0" timestamp="2023-11-21T21:12:02 IST" skipped="0">
  <testcase classname="pratcticalexam.slip2.ScreenShot" name="captureScreenShot" time="6.770"/>
</testsuite> <!-- pratcticalexam.slip2.ScreenShot -->
