<?xml version="1.0" encoding="UTF-8"?>
<!-- Generated by org.testng.reporters.JUnitReportReporter -->
<testsuite hostname="HEAVEN" failures="0" tests="1" name="pratcticalexam.slip1.DownloadFile" time="7.653" errors="0" timestamp="2023-11-21T21:04:59 IST" skipped="0">
  <testcase classname="pratcticalexam.slip1.DownloadFile" name="download_test" time="7.653"/>
</testsuite> <!-- pratcticalexam.slip1.DownloadFile -->
