<?xml version="1.0" encoding="UTF-8"?>
<!-- Generated by org.testng.reporters.JUnitReportReporter -->
<testsuite hostname="HEAVEN" failures="0" tests="3" name="pratcticalexam.slip5.DataProvider" time="14.490" errors="0" timestamp="2023-11-21T22:35:38 IST" skipped="0">
  <testcase classname="pratcticalexam.slip5.DataProvider" name="googleSearch" time="3.798"/>
  <testcase classname="pratcticalexam.slip5.DataProvider" name="googleSearch" time="6.490"/>
  <testcase classname="pratcticalexam.slip5.DataProvider" name="googleSearch" time="4.202"/>
</testsuite> <!-- pratcticalexam.slip5.DataProvider -->
