<?xml version="1.0" encoding="UTF-8"?>
<!-- Generated by org.testng.reporters.JUnitReportReporter -->
<testsuite hostname="HEAVEN" failures="0" tests="1" name="pratcticalexam.slip11.FindBrokenLink" time="38.075" errors="0" timestamp="2023-11-22T12:04:14 IST" skipped="0">
  <testcase classname="pratcticalexam.slip11.FindBrokenLink" name="findBrokenLink" time="38.075"/>
</testsuite> <!-- pratcticalexam.slip11.FindBrokenLink -->
