<?xml version="1.0" encoding="UTF-8"?>
<!-- Generated by org.testng.reporters.JUnitReportReporter -->
<testsuite hostname="HEAVEN" failures="0" tests="3" name="practicalexam.slip5.DataProvider" time="21.548" errors="0" timestamp="2023-12-01T12:39:55 IST" skipped="0">
  <testcase classname="practicalexam.slip5.DataProvider" name="googleSearch" time="8.937"/>
  <testcase classname="practicalexam.slip5.DataProvider" name="googleSearch" time="6.501"/>
  <testcase classname="practicalexam.slip5.DataProvider" name="googleSearch" time="6.110"/>
</testsuite> <!-- practicalexam.slip5.DataProvider -->
