<?xml version="1.0" encoding="UTF-8"?>
<!-- Generated by org.testng.reporters.JUnitReportReporter -->
<testsuite hostname="HEAVEN" failures="0" tests="1" name="pratcticalexam.slip11.CountHyperLinks" time="6.388" errors="0" timestamp="2023-11-22T12:06:46 IST" skipped="0">
  <testcase classname="pratcticalexam.slip11.CountHyperLinks" name="countHyperLink" time="6.388"/>
</testsuite> <!-- pratcticalexam.slip11.CountHyperLinks -->
