<?xml version="1.0" encoding="UTF-8"?>
<!-- Generated by org.testng.reporters.JUnitReportReporter -->
<testsuite hostname="HEAVEN" failures="0" tests="1" name="pratcticalexam.slip11.HandleBasicHtmlControls" time="26.578" errors="0" timestamp="2023-11-22T11:47:24 IST" skipped="0">
  <testcase classname="pratcticalexam.slip11.HandleBasicHtmlControls" name="handleBasicHtmlControls" time="26.578"/>
</testsuite> <!-- pratcticalexam.slip11.HandleBasicHtmlControls -->
