<?xml version="1.0" encoding="UTF-8"?>
<!-- Generated by org.testng.reporters.JUnitReportReporter -->
<testsuite hostname="HEAVEN" failures="0" tests="1" name="pratcticalexam.pagefactory.SauceDemoLoginWithPageFactory" time="4.919" errors="0" timestamp="2023-11-22T11:32:50 IST" skipped="0">
  <testcase classname="pratcticalexam.pagefactory.SauceDemoLoginWithPageFactory" name="pageFactory" time="4.919"/>
</testsuite> <!-- pratcticalexam.pagefactory.SauceDemoLoginWithPageFactory -->
