<?xml version="1.0" encoding="UTF-8"?>
<!-- Generated by org.testng.reporters.JUnitReportReporter -->
<testsuite hostname="HEAVEN" failures="0" tests="2" name="pratcticalexam.slip11.CrossBrowserTest" time="16.618" errors="0" timestamp="2023-11-22T12:11:39 IST" skipped="0">
  <testcase classname="pratcticalexam.slip11.CrossBrowserTest" name="testGoogleInChrome" time="3.500"/>
  <testcase classname="pratcticalexam.slip11.CrossBrowserTest" name="testFirefoxInFirefox" time="13.118"/>
</testsuite> <!-- pratcticalexam.slip11.CrossBrowserTest -->
