<?xml version="1.0" encoding="UTF-8"?>
<!-- Generated by org.testng.reporters.JUnitReportReporter -->
<testsuite hostname="HEAVEN" failures="0" tests="1" name="pratcticalexam.slip11.VerifyWebPageElements" time="8.201" errors="0" timestamp="2023-11-22T12:00:44 IST" skipped="0">
  <testcase classname="pratcticalexam.slip11.VerifyWebPageElements" name="verifyWebPageElements" time="8.201"/>
</testsuite> <!-- pratcticalexam.slip11.VerifyWebPageElements -->
