<?xml version="1.0" encoding="UTF-8"?>
<!-- Generated by org.testng.reporters.JUnitReportReporter -->
<testsuite hostname="HEAVEN" failures="0" tests="3" name="pratcticalexam.slip11.InvocationCountExample" time="13.253" errors="0" timestamp="2023-11-22T11:38:14 IST" skipped="0">
  <testcase classname="pratcticalexam.slip11.InvocationCountExample" name="testGoogleSearch" time="3.754"/>
  <testcase classname="pratcticalexam.slip11.InvocationCountExample" name="testGoogleSearch" time="5.605"/>
  <testcase classname="pratcticalexam.slip11.InvocationCountExample" name="testGoogleSearch" time="3.894"/>
</testsuite> <!-- pratcticalexam.slip11.InvocationCountExample -->
