<?xml version="1.0" encoding="UTF-8"?>
<!-- Generated by org.testng.reporters.JUnitReportReporter -->
<testsuite hostname="HEAVEN" failures="0" tests="1" name="pratcticalexam.slip11.countRadioButtons" time="0.064" errors="0" timestamp="2023-11-22T11:42:26 IST" skipped="0">
  <testcase classname="pratcticalexam.slip11.countRadioButtons" name="countRadioButtonsTest" time="0.064"/>
</testsuite> <!-- pratcticalexam.slip11.countRadioButtons -->
