<?xml version="1.0" encoding="UTF-8"?>
<!-- Generated by org.testng.reporters.JUnitReportReporter -->
<testsuite hostname="HEAVEN" failures="0" tests="1" name="pratcticalexam.slip6.Test" time="2.745" errors="0" timestamp="2023-11-22T12:21:12 IST" skipped="0">
  <testcase classname="pratcticalexam.slip6.Test" name="slip6test" time="2.745"/>
</testsuite> <!-- pratcticalexam.slip6.Test -->
