<?xml version="1.0" encoding="UTF-8"?>
<!-- Generated by org.testng.reporters.JUnitReportReporter -->
<testsuite hostname="HEAVEN" failures="0" tests="2" name="pratcticalexam.slip11.ParallelTest" time="0.118" errors="0" timestamp="2023-11-22T12:27:24 IST" skipped="0">
  <testcase classname="pratcticalexam.slip11.ParallelTest" name="verifyPageTitle" time="0.019"/>
  <testcase classname="pratcticalexam.slip11.ParallelTest" name="verifyLogo" time="0.099"/>
</testsuite> <!-- pratcticalexam.slip11.ParallelTest -->
