<?xml version="1.0" encoding="UTF-8"?>
<!-- Generated by org.testng.reporters.JUnitReportReporter -->
<testsuite hostname="HEAVEN" failures="0" tests="1" name="pratcticalexam.slip11.SauceDemoLogin" time="0.738" errors="0" timestamp="2023-11-22T12:09:57 IST" skipped="0">
  <testcase classname="pratcticalexam.slip11.SauceDemoLogin" name="loginToSauceDemo" time="0.738"/>
</testsuite> <!-- pratcticalexam.slip11.SauceDemoLogin -->
