<?xml version="1.0" encoding="UTF-8"?>
<!-- Generated by org.testng.reporters.JUnitReportReporter -->
<testsuite hostname="HEAVEN" failures="0" tests="2" name="practicalexam.groups.Groups" time="0.037" errors="0" timestamp="2023-11-22T11:53:28 IST" skipped="0">
  <testcase classname="practicalexam.groups.Groups" name="testcase1" time="0.034"/>
  <testcase classname="practicalexam.groups.Groups" name="testcase2" time="0.003"/>
</testsuite> <!-- practicalexam.groups.Groups -->
